#
# There is insufficient memory for the Java Runtime Environment to continue.
# Native memory allocation (mmap) failed to map 268435456 bytes for G1 virtual space
# Possible reasons:
#   The system is out of physical RAM or swap space
#   The process is running with CompressedOops enabled, and the Java Heap may be blocking the growth of the native heap
# Possible solutions:
#   Reduce memory load on the system
#   Increase physical memory or swap space
#   Check if swap backing store is full
#   Decrease Java heap size (-Xmx/-Xms)
#   Decrease number of Java threads
#   Decrease Java thread stack sizes (-Xss)
#   Set larger code cache with -XX:ReservedCodeCacheSize=
#   JVM is running with Zero Based Compressed Oops mode in which the Java heap is
#     placed in the first 32GB address space. The Java Heap base address is the
#     maximum limit for the native heap growth. Please use -XX:HeapBaseMinAddress
#     to set the Java Heap base and to place the Java Heap above 32GB virtual address.
# This output file may be truncated or incomplete.
#
#  Out of Memory Error (os_windows.cpp:3466), pid=16156, tid=15176
#
# JRE version:  (16.0.2+7) (build )
# Java VM: OpenJDK 64-Bit Server VM (16.0.2+7-67, mixed mode, sharing, tiered, compressed oops, compressed class ptrs, g1 gc, windows-amd64)
# No core dump will be written. Minidumps are not enabled by default on client versions of Windows
#

---------------  S U M M A R Y ------------

Command Line: -javaagent:C:\Program Files\JetBrains\IntelliJ IDEA 2021.2\lib\idea_rt.jar=62561:C:\Program Files\JetBrains\IntelliJ IDEA 2021.2\bin -Dfile.encoding=UTF-8 Task_6

Host: Intel(R) Core(TM) i3-10100F CPU @ 3.60GHz, 8 cores, 15G,  Windows 10 , 64 bit Build 19041 (10.0.19041.1348)
Time: Mon Dec 13 19:55:20 2021 RTZ 2 (s 10 , 64 bit Build 19041 (10.0.19041.1348) elapsed time: 0.008449 seconds (0d 0h 0m 0s)

---------------  T H R E A D  ---------------

Current thread (0x0000015066df3120):  JavaThread "Unknown thread" [_thread_in_vm, id=15176, stack(0x00000030b7800000,0x00000030b7900000)]

Stack: [0x00000030b7800000,0x00000030b7900000]
Native frames: (J=compiled Java code, j=interpreted, Vv=VM code, C=native code)
V  [jvm.dll+0x6681ca]
V  [jvm.dll+0x7c9e69]
V  [jvm.dll+0x7cb61e]
V  [jvm.dll+0x7cbc73]
V  [jvm.dll+0x242c55]
V  [jvm.dll+0x664f89]
V  [jvm.dll+0x659b75]
V  [jvm.dll+0x2fbfbb]
V  [jvm.dll+0x3031b6]
V  [jvm.dll+0x35299e]
V  [jvm.dll+0x352bcf]
V  [jvm.dll+0x2d3028]
V  [jvm.dll+0x2d4264]
V  [jvm.dll+0x79c741]
V  [jvm.dll+0x360791]
V  [jvm.dll+0x77a3f0]
V  [jvm.dll+0x3e4e8f]
V  [jvm.dll+0x3e6961]
C  [jli.dll+0x52fb]
C  [ucrtbase.dll+0x21bb2]
C  [KERNEL32.DLL+0x17034]
C  [ntdll.dll+0x52651]


---------------  P R O C E S S  ---------------

Threads class SMR info:
_java_thread_list=0x00007ffb23fbcbb8, length=0, elements={
}

Java Threads: ( => current thread )

Other Threads:
  0x0000015066e40120 GCTaskThread "GC Thread#0" [stack: 0x00000030b7900000,0x00000030b7a00000] [id=4572]
  0x0000015064bedf60 ConcurrentGCThread "G1 Main Marker" [stack: 0x00000030b7a00000,0x00000030b7b00000] [id=3620]
  0x0000015064beecb0 ConcurrentGCThread "G1 Conc#0" [stack: 0x00000030b7b00000,0x00000030b7c00000] [id=8564]

[error occurred during error reporting (printing all threads), id 0xc0000005, EXCEPTION_ACCESS_VIOLATION (0xc0000005) at pc=0x00007ffb23793ee7]

VM state: not at safepoint (not fully initialized)

VM Mutex/Monitor currently owned by a thread:  ([mutex/lock_event])
[0x0000015066def140] Heap_lock - owner thread: 0x0000015066df3120

Heap address: 0x0000000700e00000, size: 4082 MB, Compressed Oops mode: Zero based, Oop shift amount: 3

CDS archive(s) mapped at: [0x0000000000000000-0x0000000000000000-0x0000000000000000), size 0, SharedBaseAddress: 0x0000000800000000, ArchiveRelocationMode: 0.
Narrow klass base: 0x0000000000000000, Narrow klass shift: 0, Narrow klass range: 0x0

GC Precious Log:
<Empty>

Heap:
 garbage-first heap   total 0K, used 0K [0x0000000700e00000, 0x0000000800000000)
  region size 2048K, 0 young (0K), 0 survivors (0K)

[error occurred during error reporting (printing heap information), id 0xc0000005, EXCEPTION_ACCESS_VIOLATION (0xc0000005) at pc=0x00007ffb23b71eed]

GC Heap History (0 events):
No events

Deoptimization events (0 events):
No events

Classes unloaded (0 events):
No events

Classes redefined (0 events):
No events

Internal exceptions (0 events):
No events

Events (1 events):
Event: 0.006 Loaded shared library C:\Users\porvalsa\.jdks\openjdk-16.0.2\bin\java.dll


Dynamic libraries:
0x00007ff60d010000 - 0x00007ff60d01e000 	C:\Users\porvalsa\.jdks\openjdk-16.0.2\bin\java.exe
0x00007ffb50850000 - 0x00007ffb50a45000 	C:\Windows\SYSTEM32\ntdll.dll
0x00007ffb4f5c0000 - 0x00007ffb4f67e000 	C:\Windows\System32\KERNEL32.DLL
0x00007ffb4e2f0000 - 0x00007ffb4e5b8000 	C:\Windows\System32\KERNELBASE.dll
0x00007ffb4e1f0000 - 0x00007ffb4e2f0000 	C:\Windows\System32\ucrtbase.dll
0x00007ffb3b330000 - 0x00007ffb3b348000 	C:\Users\porvalsa\.jdks\openjdk-16.0.2\bin\jli.dll
0x00007ffb4ead0000 - 0x00007ffb4ec71000 	C:\Windows\System32\USER32.dll
0x00007ffb4df70000 - 0x00007ffb4df92000 	C:\Windows\System32\win32u.dll
0x00007ffb4f110000 - 0x00007ffb4f13b000 	C:\Windows\System32\GDI32.dll
0x00007ffb4dfa0000 - 0x00007ffb4e0ab000 	C:\Windows\System32\gdi32full.dll
0x00007ffb4e7d0000 - 0x00007ffb4e86d000 	C:\Windows\System32\msvcp_win.dll
0x00007ffb3b310000 - 0x00007ffb3b329000 	C:\Users\porvalsa\.jdks\openjdk-16.0.2\bin\VCRUNTIME140.dll
0x00007ffb3b5e0000 - 0x00007ffb3b87a000 	C:\Windows\WinSxS\amd64_microsoft.windows.common-controls_6595b64144ccf1df_6.0.19041.1110_none_60b5254171f9507e\COMCTL32.dll
0x00007ffb50770000 - 0x00007ffb5080e000 	C:\Windows\System32\msvcrt.dll
0x00007ffb4eaa0000 - 0x00007ffb4ead0000 	C:\Windows\System32\IMM32.DLL
0x00007ffb35fc0000 - 0x00007ffb360f6000 	C:\Program Files (x86)\Citrix\ICA Client\epclient64.dll
0x00007ffb4e870000 - 0x00007ffb4e897000 	C:\Windows\System32\bcrypt.dll
0x00007ffb47970000 - 0x00007ffb4797a000 	C:\Windows\SYSTEM32\VERSION.dll
0x00007ffb4ef80000 - 0x00007ffb4f02c000 	C:\Windows\System32\ADVAPI32.dll
0x00007ffb506d0000 - 0x00007ffb5076b000 	C:\Windows\System32\sechost.dll
0x00007ffb50580000 - 0x00007ffb506aa000 	C:\Windows\System32\RPCRT4.dll
0x00007ffb4cc60000 - 0x00007ffb4cc93000 	C:\Windows\SYSTEM32\ntmarta.dll
0x00007ffb3b300000 - 0x00007ffb3b30c000 	C:\Users\porvalsa\.jdks\openjdk-16.0.2\bin\vcruntime140_1.dll
0x00007ffb3a100000 - 0x00007ffb3a191000 	C:\Users\porvalsa\.jdks\openjdk-16.0.2\bin\msvcp140.dll
0x00007ffb234b0000 - 0x00007ffb2405b000 	C:\Users\porvalsa\.jdks\openjdk-16.0.2\bin\server\jvm.dll
0x00007ffb4e8a0000 - 0x00007ffb4e8a8000 	C:\Windows\System32\PSAPI.DLL
0x00007ffb4a130000 - 0x00007ffb4a139000 	C:\Windows\SYSTEM32\WSOCK32.dll
0x00007ffb4ef10000 - 0x00007ffb4ef7b000 	C:\Windows\System32\WS2_32.dll
0x00007ffb43620000 - 0x00007ffb43647000 	C:\Windows\SYSTEM32\WINMM.dll
0x00007ffb4c070000 - 0x00007ffb4c082000 	C:\Windows\SYSTEM32\kernel.appcore.dll
0x00007ffb3b2f0000 - 0x00007ffb3b2fa000 	C:\Users\porvalsa\.jdks\openjdk-16.0.2\bin\jimage.dll
0x00007ffb4ba40000 - 0x00007ffb4bc24000 	C:\Windows\SYSTEM32\DBGHELP.DLL
0x00007ffb36a10000 - 0x00007ffb36a3c000 	C:\Windows\SYSTEM32\dbgcore.DLL
0x00007ffb4e110000 - 0x00007ffb4e193000 	C:\Windows\System32\bcryptPrimitives.dll
0x00007ffb3a780000 - 0x00007ffb3a78e000 	C:\Users\porvalsa\.jdks\openjdk-16.0.2\bin\instrument.dll
0x00007ffb3a790000 - 0x00007ffb3a7b5000 	C:\Users\porvalsa\.jdks\openjdk-16.0.2\bin\java.dll

dbghelp: loaded successfully - version: 4.0.5 - missing functions: none
symbol engine: initialized successfully - sym options: 0x614 - pdb path: .;C:\Users\porvalsa\.jdks\openjdk-16.0.2\bin;C:\Windows\SYSTEM32;C:\Windows\WinSxS\amd64_microsoft.windows.common-controls_6595b64144ccf1df_6.0.19041.1110_none_60b5254171f9507e;C:\Program Files (x86)\Citrix\ICA Client;C:\Users\porvalsa\.jdks\openjdk-16.0.2\bin\server

VM Arguments:
jvm_args: -javaagent:C:\Program Files\JetBrains\IntelliJ IDEA 2021.2\lib\idea_rt.jar=62561:C:\Program Files\JetBrains\IntelliJ IDEA 2021.2\bin -Dfile.encoding=UTF-8 
java_command: Task_6
java_class_path (initial): C:\Users\porvalsa\IdeaProjects\dz\target\classes
Launcher Type: SUN_STANDARD

[Global flags]
     intx CICompilerCount                          = 4                                         {product} {ergonomic}
     uint ConcGCThreads                            = 2                                         {product} {ergonomic}
     uint G1ConcRefinementThreads                  = 8                                         {product} {ergonomic}
   size_t G1HeapRegionSize                         = 2097152                                   {product} {ergonomic}
    uintx GCDrainStackTargetSize                   = 64                                        {product} {ergonomic}
   size_t InitialHeapSize                          = 268435456                                 {product} {ergonomic}
   size_t MarkStackSize                            = 4194304                                   {product} {ergonomic}
   size_t MaxHeapSize                              = 4280287232                                {product} {ergonomic}
   size_t MinHeapDeltaBytes                        = 2097152                                   {product} {ergonomic}
   size_t MinHeapSize                              = 8388608                                   {product} {ergonomic}
    uintx NonNMethodCodeHeapSize                   = 5839372                                {pd product} {ergonomic}
    uintx NonProfiledCodeHeapSize                  = 122909434                              {pd product} {ergonomic}
    uintx ProfiledCodeHeapSize                     = 122909434                              {pd product} {ergonomic}
    uintx ReservedCodeCacheSize                    = 251658240                              {pd product} {ergonomic}
     bool SegmentedCodeCache                       = true                                      {product} {ergonomic}
   size_t SoftMaxHeapSize                          = 4280287232                             {manageable} {ergonomic}
     bool UseCompressedClassPointers               = true                           {product lp64_product} {ergonomic}
     bool UseCompressedOops                        = true                           {product lp64_product} {ergonomic}
     bool UseG1GC                                  = true                                      {product} {ergonomic}
     bool UseLargePagesIndividualAllocation        = false                                  {pd product} {ergonomic}

Logging:
Log output configuration:
 #0: stdout all=warning uptime,level,tags
 #1: stderr all=off uptime,level,tags

Environment Variables:
PATH=C:\Program Files (x86)\Common Files\Oracle\Java\javapath;C:\Program Files\Common Files\Oracle\Java\javapath;C:\Windows\system32;C:\Windows;C:\Windows\System32\Wbem;C:\Windows\System32\WindowsPowerShell\v1.0\;C:\Windows\System32\OpenSSH\;C:\Program Files\Git\cmd;C:\Program Files (x86)\NVIDIA Corporation\PhysX\Common;C:\Users\porvalsa\AppData\Local\Programs\Python\Python38\Scripts\;C:\Users\porvalsa\AppData\Local\Programs\Python\Python38\;C:\Users\porvalsa\AppData\Local\Microsoft\WindowsApps;;C:\Program Files\JetBrains\IntelliJ IDEA Community Edition 2021.2\bin;;C:\Program Files\JetBrains\IntelliJ IDEA 2021.2\bin;
USERNAME=porvalsa
OS=Windows_NT
PROCESSOR_IDENTIFIER=Intel64 Family 6 Model 165 Stepping 3, GenuineIntel



---------------  S Y S T E M  ---------------

OS:
 Windows 10 , 64 bit Build 19041 (10.0.19041.1348)
OS uptime: 0 days 9:33 hours

CPU: total 8 (initial active 8) (4 cores per cpu, 2 threads per core) family 6 model 165 stepping 3 microcode 0xe0, cx8, cmov, fxsr, ht, mmx, 3dnowpref, sse, sse2, sse3, ssse3, sse4.1, sse4.2, popcnt, lzcnt, tsc, tscinvbit, avx, avx2, aes, erms, clmul, bmi1, bmi2, adx, fma, vzeroupper, clflush, clflushopt

Memory: 4k page, system-wide physical 16322M (8559M free)
TotalPageFile size 30565M (AvailPageFile size 108M)
current process WorkingSet (physical memory assigned to process): 11M, peak: 11M
current process commit charge ("private bytes"): 61M, peak: 317M

vm_info: OpenJDK 64-Bit Server VM (16.0.2+7-67) for windows-amd64 JRE (16.0.2+7-67), built on Jun  8 2021 23:21:43 by "mach5one" with MS VC++ 16.7 (VS2019)

END.
